Arguments: 
  C:\Program Files\nodejs\node.exe C:\Users\alast\AppData\Roaming\npm\node_modules\yarn\bin\yarn.js

PATH: 
  C:\Python27\;C:\Python27\Scripts;C:\Program Files (x86)\Microsoft SDKs\Azure\CLI2\wbin;C:\Python39\Scripts\;C:\Python39\;C:\Program Files (x86)\VMware\VMware Workstation\bin\;C:\Program Files (x86)\Common Files\Intel\Shared Libraries\redist\intel64\compiler;C:\Program Files (x86)\Common Files\Oracle\Java\javapath;C:\Program Files\AdoptOpenJDK\jdk-8.0.252.09-hotspot\bin;C:\Windows\system32;C:\Windows;C:\Windows\System32\Wbem;C:\Windows\System32\WindowsPowerShell\v1.0\;C:\Windows\System32\OpenSSH\;C:\ffmpeg\bin;C:\Program Files\CMake\bin;C:\Program Files (x86)\Gpg4win\..\GnuPG\bin;C:\Program Files\Gource\cmd;C:\Program Files\Git\cmd;C:\Program Files (x86)\NVIDIA Corporation\PhysX\Common;C:\Program Files\dotnet\;C:\ProgramData\chocolatey\bin;C:\Program Files\nodejs\;C:\WINDOWS\system32;C:\WINDOWS;C:\WINDOWS\System32\Wbem;C:\WINDOWS\System32\WindowsPowerShell\v1.0\;C:\WINDOWS\System32\OpenSSH\;C:\Program Files (x86)\Windows Kits\10\Windows Performance Toolkit\;C:\Program Files\Microsoft\Azure Functions Core Tools\;C:\Program Files\Amazon\AWSCLIV2\;C:\Users\alast\AppData\Roaming\npm\node_modules\yarn\bin;C:\Program Files (x86)\GTK2-Runtime\bin;C:\Program Files\Go\bin;C:\Program Files\Docker\Docker\resources\bin;C:\ProgramData\DockerDesktop\version-bin;C:\Program Files (x86)\Microsoft SDKs\Azure\CLI2\wbin;C:\Python39\Scripts\;C:\Python39\;C:\Program Files (x86)\VMware\VMware Workstation\bin\;C:\Program Files (x86)\Common Files\Intel\Shared Libraries\redist\intel64\compiler;C:\Program Files (x86)\Common Files\Oracle\Java\javapath;C:\Program Files\AdoptOpenJDK\jdk-8.0.252.09-hotspot\bin;C:\Windows\system32;C:\Windows;C:\Windows\System32\Wbem;C:\Windows\System32\WindowsPowerShell\v1.0\;C:\Windows\System32\OpenSSH\;C:\ffmpeg\bin;C:\Program Files\CMake\bin;C:\Program Files (x86)\Gpg4win\..\GnuPG\bin;C:\Program Files\Gource\cmd;C:\Program Files\Git\cmd;C:\Program Files (x86)\NVIDIA Corporation\PhysX\Common;C:\Program Files\dotnet\;C:\ProgramData\chocolatey\bin;;C:\Program Files\nodejs\;C:\WINDOWS\system32;C:\WINDOWS;C:\WINDOWS\System32\Wbem;C:\WINDOWS\System32\WindowsPowerShell\v1.0\;C:\WINDOWS\System32\OpenSSH\;C:\Program Files (x86)\Windows Kits\10\Windows Performance Toolkit\;C:\Program Files\Docker\Docker\resources\bin;C:\ProgramData\DockerDesktop\version-bin;C:\libjpeg-turbo64\bin;C:\Users\alast\go\bin;C:\Users\alast\AppData\Local\Programs\Microsoft VS Code\bin

Yarn version: 
  1.22.10

Node version: 
  14.15.1

Platform: 
  win32 x64

Trace: 
  SyntaxError: C:\Users\alast\Documents\Sekwah\Tools\Bob-Rust\Bob-Rust-Electron\package.json: Unexpected token ] in JSON at position 661
      at JSON.parse (<anonymous>)
      at C:\Users\alast\AppData\Roaming\npm\node_modules\yarn\lib\cli.js:1625:59
      at Generator.next (<anonymous>)
      at step (C:\Users\alast\AppData\Roaming\npm\node_modules\yarn\lib\cli.js:310:30)
      at C:\Users\alast\AppData\Roaming\npm\node_modules\yarn\lib\cli.js:321:13

npm manifest: 
  {
    "name": "bob-rust-electron-app",
    "version": "1.0.0",
    "description": "Made by HardCoded and Sekwah",
    "private": true,
    "main": "app/main/src/electron.js",
    "scripts": {
      "start": "lerna run start --parallel",
      "build": "lerna run build --stream",
      "preelectron-dist": "yarn build",
      "electron-dist": "electron-builder --config electron-builder/config.js",
      "sync": "lerna bootstrap",
      "pretest-packed": "yarn electron-dist",
      "test-packed": "\"dist\\win-unpacked\\Bob Ross.exe\""
    },
    "workspaces": {
      "packages": [
        "packages/*"
      ],
      "nohoist": [
        "**/electron-builder",
        "**/electron-builder/**",
      ]
   },
    "keywords": [],
    "author": {
      "name": "HardCoded, Sekwah",
      "email": "contact@bobrust.com",
      "url": "https://www.bobrust.com/"
    },
    "license": "MIT",
    "dependencies": {
      "axios": "^0.21.1",
      "discord-rich-presence": "^0.0.8",
      "electron-is-dev": "^1.2.0",
      "robotjs": "^0.6.0"
    },
    "devDependencies": {
      "electron-builder": "^22.10.5",
      "lerna": "^3.22.1"
    }
  }

yarn manifest: 
  No manifest

Lockfile: 
  # THIS IS AN AUTOGENERATED FILE. DO NOT EDIT THIS FILE DIRECTLY.
  # yarn lockfile v1
